<?xml version="1.0" encoding="UTF-8"?>
<!-- Generated by org.testng.reporters.JUnitReportReporter -->
<testsuite skipped="0" hostname="BDC4-D-1RT5N62" name="hollaselenium.hollaseleniumday1.TestLoginDemoWebShop" tests="10" failures="0" timestamp="08 Feb 2019 09:56:19 GMT" time="80.335" errors="0">
  <testcase name="testDemoWebShopLogin" time="4.387" classname="hollaselenium.hollaseleniumday1.TestLoginDemoWebShop"/>
  <testcase name="testDemoWebShopLogin" time="13.630" classname="hollaselenium.hollaseleniumday1.TestLoginDemoWebShop"/>
  <testcase name="testDemoWebShopLogin" time="4.589" classname="hollaselenium.hollaseleniumday1.TestLoginDemoWebShop"/>
  <testcase name="testDemoWebShopLogin" time="9.095" classname="hollaselenium.hollaseleniumday1.TestLoginDemoWebShop"/>
  <testcase name="testDemoWebShopLogin" time="9.117" classname="hollaselenium.hollaseleniumday1.TestLoginDemoWebShop"/>
  <testcase name="testDemoWebShopLogin" time="5.179" classname="hollaselenium.hollaseleniumday1.TestLoginDemoWebShop"/>
  <testcase name="testDemoWebShopLogin" time="15.120" classname="hollaselenium.hollaseleniumday1.TestLoginDemoWebShop"/>
  <testcase name="testDemoWebShopLogin" time="4.380" classname="hollaselenium.hollaseleniumday1.TestLoginDemoWebShop"/>
  <testcase name="testDemoWebShopLogin" time="4.351" classname="hollaselenium.hollaseleniumday1.TestLoginDemoWebShop"/>
  <testcase name="testDemoWebShopLogin" time="10.487" classname="hollaselenium.hollaseleniumday1.TestLoginDemoWebShop"/>
</testsuite> <!-- hollaselenium.hollaseleniumday1.TestLoginDemoWebShop -->
