<?xml version="1.0" encoding="UTF-8"?>
<!-- Generated by org.testng.reporters.JUnitReportReporter -->
<testsuite skipped="0" hostname="BDC4-D-1RT5N62" name="hollaselenium.hollaseleniumday1.first" tests="1" failures="0" timestamp="07 Feb 2019 07:15:53 GMT" time="41.439" errors="0">
  <testcase name="func1" time="41.439" classname="hollaselenium.hollaseleniumday1.first"/>
</testsuite> <!-- hollaselenium.hollaseleniumday1.first -->
