<?xml version="1.0" encoding="UTF-8"?>
<!-- Generated by org.testng.reporters.JUnitReportReporter -->
<testsuite skipped="0" hostname="BDC4-D-1RT5N62" name="hollaselenium.hollaseleniumday1.readexcel" tests="1" failures="0" timestamp="08 Feb 2019 04:53:05 GMT" time="1.310" errors="0">
  <testcase name="readexcelsheet" time="1.310" classname="hollaselenium.hollaseleniumday1.readexcel"/>
</testsuite> <!-- hollaselenium.hollaseleniumday1.readexcel -->
